\BOOKMARK [1][-]{section.1}{Alcance}{}% 1
\BOOKMARK [1][-]{section.2}{Introducci\363n}{}% 2
\BOOKMARK [1][-]{section.3}{Electr\363lisis del agua}{}% 3
\BOOKMARK [1][-]{section.4}{Electr\363lisis No-Convencional / Gas de Kross}{}% 4
\BOOKMARK [2][-]{subsection.4.1}{Andrija Pujari}{section.4}% 5
\BOOKMARK [3][-]{subsubsection.4.1.1}{Genrador de se\361ales}{subsection.4.1}% 6
\BOOKMARK [3][-]{subsubsection.4.1.2}{Electrolisis}{subsection.4.1}% 7
\BOOKMARK [2][-]{subsection.4.2}{Stanley Meyer}{section.4}% 8
\BOOKMARK [3][-]{subsubsection.4.2.1}{Electrolisis}{subsection.4.2}% 9
\BOOKMARK [3][-]{subsubsection.4.2.2}{Genrador de se\361ales}{subsection.4.2}% 10
\BOOKMARK [2][-]{subsection.4.3}{Yull Brown}{section.4}% 11
\BOOKMARK [3][-]{subsubsection.4.3.1}{Electrolisis}{subsection.4.3}% 12
\BOOKMARK [3][-]{subsubsection.4.3.2}{Genrador de se\361ales}{subsection.4.3}% 13
\BOOKMARK [2][-]{subsection.4.4}{Tay-Hee Han US4427512 han1984water}{section.4}% 14
\BOOKMARK [2][-]{subsection.4.5}{La nueva propuesta}{section.4}% 15
\BOOKMARK [3][-]{subsubsection.4.5.1}{Fundamento te\363rico o experimental o esoterico}{subsection.4.5}% 16
\BOOKMARK [3][-]{subsubsection.4.5.2}{Eficiencia Electr\363nica}{subsection.4.5}% 17
\BOOKMARK [3][-]{subsubsection.4.5.3}{Eficiencia Qu\355mica}{subsection.4.5}% 18
\BOOKMARK [1][-]{section.5}{Desarrollo}{}% 19
\BOOKMARK [2][-]{subsection.5.1}{Requerimientos}{section.5}% 20
\BOOKMARK [2][-]{subsection.5.2}{Dise\361o de circuito}{section.5}% 21
\BOOKMARK [3][-]{subsubsection.5.2.1}{Simulacion}{subsection.5.2}% 22
\BOOKMARK [3][-]{subsubsection.5.2.2}{Determinar parametros de funcionamiento electrico}{subsection.5.2}% 23
\BOOKMARK [2][-]{subsection.5.3}{Componentes}{section.5}% 24
\BOOKMARK [2][-]{subsection.5.4}{Dise\361o Experimento}{section.5}% 25
