This is pdfTeX, Version 3.14159265-2.6-1.40.15 (TeX Live 2015/dev/Debian) (preloaded format=pdflatex 2016.10.3)  3 OCT 2016 15:56
entering extended mode
 restricted \write18 enabled.
 %&-line parsing enabled.
**portada.tex
(./portada.tex
LaTeX2e <2014/05/01>
Babel <3.9l> and hyphenation patterns for 9 languages loaded.

! LaTeX Error: Environment figure undefined.

See the LaTeX manual or LaTeX Companion for explanation.
Type  H <return>  for immediate help.
 ...                                              
                                                  
l.8 \begin{figure}
                  [htb]
Your command was ignored.
Type  I <command> <return>  to replace it with another command,
or  <return>  to continue without it.


! LaTeX Error: Missing \begin{document}.

See the LaTeX manual or LaTeX Companion for explanation.
Type  H <return>  for immediate help.
 ...                                              
                                                  
l.8 \begin{figure}[
                   htb]
You're in trouble here.  Try typing  <return>  to proceed.
If that doesn't work, type  X <return>  to quit.

Missing character: There is no [ in font nullfont!
Missing character: There is no h in font nullfont!
Missing character: There is no t in font nullfont!
Missing character: There is no b in font nullfont!
Missing character: There is no ] in font nullfont!

Overfull \hbox (20.0pt too wide) in paragraph at lines 8--9
[] 
 []

! Undefined control sequence.
l.10 \includegraphics
                     [width=8cm]{./deu2.jpg}
The control sequence at the end of the top line
of your error message was never \def'ed. If you have
misspelled it (e.g., `\hobx'), type `I' and the correct
spelling (e.g., `I\hbox'). Otherwise just continue,
and I'll forget about whatever was undefined.

Missing character: There is no [ in font nullfont!
Missing character: There is no w in font nullfont!
Missing character: There is no i in font nullfont!
Missing character: There is no d in font nullfont!
Missing character: There is no t in font nullfont!
Missing character: There is no h in font nullfont!
Missing character: There is no = in font nullfont!
Missing character: There is no 8 in font nullfont!
Missing character: There is no c in font nullfont!
Missing character: There is no m in font nullfont!
Missing character: There is no ] in font nullfont!
Missing character: There is no . in font nullfont!
Missing character: There is no / in font nullfont!
Missing character: There is no d in font nullfont!
Missing character: There is no e in font nullfont!
Missing character: There is no u in font nullfont!
Missing character: There is no 2 in font nullfont!
Missing character: There is no . in font nullfont!
Missing character: There is no j in font nullfont!
Missing character: There is no p in font nullfont!
Missing character: There is no g in font nullfont!

! LaTeX Error: \begin{document} ended by \end{figure}.

See the LaTeX manual or LaTeX Companion for explanation.
Type  H <return>  for immediate help.
 ...                                              
                                                  
l.12 \end{figure}
                 
Your command was ignored.
Type  I <command> <return>  to replace it with another command,
or  <return>  to continue without it.


Overfull \hbox (20.0pt too wide) in paragraph at lines 14--14
[] 
 []

! Undefined control sequence.
<argument>  {\LARGE 
                    Departamento de Electr\'onica}
l.16 {\LARGE Departamento de Electr\'onica}}
                                            \\[2.25cm]
The control sequence at the end of the top line
of your error message was never \def'ed. If you have
misspelled it (e.g., `\hobx'), type `I' and the correct
spelling (e.g., `I\hbox'). Otherwise just continue,
and I'll forget about whatever was undefined.


Overfull \hbox (17.92352pt too wide) in paragraph at lines 16--16
 \OT1/cmr/bx/n/10 De- 
 []


Overfull \hbox (20.5485pt too wide) in paragraph at lines 16--16
 \OT1/cmr/bx/n/10 par- 
 []


Overfull \hbox (13.89574pt too wide) in paragraph at lines 16--16
 \OT1/cmr/bx/n/10 ta- 
 []


Overfull \hbox (31.14568pt too wide) in paragraph at lines 16--16
 \OT1/cmr/bx/n/10 mento 
 []


Overfull \hbox (11.65967pt too wide) in paragraph at lines 16--16
 \OT1/cmr/bx/n/10 de 
 []


Overfull \hbox (56.3747pt too wide) in paragraph at lines 16--16
 \OT1/cmr/bx/n/10 Electr^^Sonica 
 []

! Undefined control sequence.
l.17 {\Large
             Documento de Dise\~no}\\[2.3cm]
The control sequence at the end of the top line
of your error message was never \def'ed. If you have
misspelled it (e.g., `\hobx'), type `I' and the correct
spelling (e.g., `I\hbox'). Otherwise just continue,
and I'll forget about whatever was undefined.

Missing character: There is no D in font nullfont!
Missing character: There is no o in font nullfont!
Missing character: There is no c in font nullfont!
Missing character: There is no u in font nullfont!
Missing character: There is no m in font nullfont!
Missing character: There is no e in font nullfont!
Missing character: There is no n in font nullfont!
Missing character: There is no t in font nullfont!
Missing character: There is no o in font nullfont!
Missing character: There is no d in font nullfont!
Missing character: There is no e in font nullfont!
Missing character: There is no D in font nullfont!
Missing character: There is no i in font nullfont!
Missing character: There is no s in font nullfont!
Missing character: There is no e in font nullfont!
LaTeX Font Info:    Try loading font information for +cmr on input line 17.
LaTeX Font Info:    No file cmr.fd. on input line 17.

LaTeX Font Warning: Font shape `/cmr/m/n' undefined
(Font)              using `/cmr/m/n' instead on input line 17.

! Corrupted NFSS tables.
wrong@fontshape ...message {Corrupted NFSS tables}
                                                  error@fontshape else let f...
l.17 {\Large Documento de Dise\~n
                                 o}\\[2.3cm]
This error message was generated by an \errmessage
command, so I can't give any explicit help.
Pretend that you're Hercule Poirot: Examine all clues,
and deduce the truth by order and method.


LaTeX Font Warning: Font shape `/cmr/m/n' undefined
(Font)              using `OT1/cmr/m/n' instead on input line 17.

Missing character: There is no o in font nullfont!

Overfull \hbox (10.55559pt too wide) in paragraph at lines 17--17
 \/cmr/m/n/10 ~n 
 []

! Undefined control sequence.
l.18 {\LARGE
             \textbf{Operaci\'on Big Bobbin}}\\[3.5cm]
The control sequence at the end of the top line
of your error message was never \def'ed. If you have
misspelled it (e.g., `\hobx'), type `I' and the correct
spelling (e.g., `I\hbox'). Otherwise just continue,
and I'll forget about whatever was undefined.


Overfull \hbox (51.38861pt too wide) in paragraph at lines 18--18
 []\OT1/cmr/bx/n/10 Operaci^^Son 
 []


Overfull \hbox (17.12491pt too wide) in paragraph at lines 18--18
 \OT1/cmr/bx/n/10 Big 
 []


Overfull \hbox (24.15265pt too wide) in paragraph at lines 18--18
 \OT1/cmr/bx/n/10 Bob- 
 []


Overfull \hbox (15.97214pt too wide) in paragraph at lines 18--18
 \OT1/cmr/bx/n/10 bin 
 []

! Undefined control sequence.
l.19 {\large
             Arturo Veras Olivos}\\[2cm]
The control sequence at the end of the top line
of your error message was never \def'ed. If you have
misspelled it (e.g., `\hobx'), type `I' and the correct
spelling (e.g., `I\hbox'). Otherwise just continue,
and I'll forget about whatever was undefined.

Missing character: There is no A in font nullfont!
Missing character: There is no r in font nullfont!
Missing character: There is no t in font nullfont!
Missing character: There is no u in font nullfont!
Missing character: There is no r in font nullfont!
Missing character: There is no o in font nullfont!
Missing character: There is no V in font nullfont!
Missing character: There is no e in font nullfont!
Missing character: There is no r in font nullfont!
Missing character: There is no a in font nullfont!
Missing character: There is no s in font nullfont!
Missing character: There is no O in font nullfont!
Missing character: There is no l in font nullfont!
Missing character: There is no i in font nullfont!
Missing character: There is no v in font nullfont!
Missing character: There is no o in font nullfont!
Missing character: There is no s in font nullfont!
Missing character: There is no V in font nullfont!
Missing character: There is no a in font nullfont!
Missing character: There is no l in font nullfont!
Missing character: There is no p in font nullfont!
Missing character: There is no a in font nullfont!
Missing character: There is no r in font nullfont!
Missing character: There is no a in font nullfont!
Missing character: There is no i in font nullfont!
Missing character: There is no s in font nullfont!
Missing character: There is no o in font nullfont!
Missing character: There is no - in font nullfont!
! Undefined control sequence.
l.20 Valparaiso - \today
                        
The control sequence at the end of the top line
of your error message was never \def'ed. If you have
misspelled it (e.g., `\hobx'), type `I' and the correct
spelling (e.g., `I\hbox'). Otherwise just continue,
and I'll forget about whatever was undefined.


Overfull \hbox (26.24977pt too wide) in paragraph at lines 22--23
 []\OT1/cmtt/m/it/10 Water 
 []


Overfull \hbox (52.49954pt too wide) in paragraph at lines 22--23
 \OT1/cmtt/m/it/10 eventually 
 []


Overfull \hbox (26.24977pt too wide) in paragraph at lines 22--23
 \OT1/cmtt/m/it/10 would 
 []


Overfull \hbox (10.49991pt too wide) in paragraph at lines 22--23
 \OT1/cmtt/m/it/10 be 
 []


Overfull \hbox (41.99963pt too wide) in paragraph at lines 22--23
 \OT1/cmtt/m/it/10 employed 
 []


Overfull \hbox (10.49991pt too wide) in paragraph at lines 22--23
 \OT1/cmtt/m/it/10 as 
 []


Overfull \hbox (5.24995pt too wide) in paragraph at lines 22--23
 \OT1/cmtt/m/it/10 a 
 []


Overfull \hbox (20.99982pt too wide) in paragraph at lines 22--23
 \OT1/cmtt/m/it/10 fuel 
 []


Overfull \hbox (15.74986pt too wide) in paragraph at lines 22--23
 \OT1/cmtt/m/it/10 and 
 []


Overfull \hbox (20.99982pt too wide) in paragraph at lines 22--23
 \OT1/cmtt/m/it/10 that 
 []


Overfull \hbox (15.74986pt too wide) in paragraph at lines 22--23
 \OT1/cmtt/m/it/10 the 
 []


Overfull \hbox (41.99963pt too wide) in paragraph at lines 22--23
 \OT1/cmtt/m/it/10 hydrogen 
 []


Overfull \hbox (15.74986pt too wide) in paragraph at lines 22--23
 \OT1/cmtt/m/it/10 and 
 []


Overfull \hbox (31.49973pt too wide) in paragraph at lines 22--23
 \OT1/cmtt/m/it/10 oxygen 
 []


Overfull \hbox (26.24977pt too wide) in paragraph at lines 22--23
 \OT1/cmtt/m/it/10 which 
 []


Overfull \hbox (52.49954pt too wide) in paragraph at lines 22--23
 \OT1/cmtt/m/it/10 constitute 
 []


Overfull \hbox (10.49991pt too wide) in paragraph at lines 22--23
 \OT1/cmtt/m/it/10 it 
 []


Overfull \hbox (26.24977pt too wide) in paragraph at lines 22--23
 \OT1/cmtt/m/it/10 would 
 []


Overfull \hbox (36.74968pt too wide) in paragraph at lines 22--23
 \OT1/cmtt/m/it/10 furnish 
 []


Overfull \hbox (10.49991pt too wide) in paragraph at lines 22--23
 \OT1/cmtt/m/it/10 an 
 []


Overfull \hbox (68.2494pt too wide) in paragraph at lines 22--23
 \OT1/cmtt/m/it/10 inexhaustible 
 []


Overfull \hbox (31.49973pt too wide) in paragraph at lines 22--23
 \OT1/cmtt/m/it/10 source 
 []


Overfull \hbox (10.49991pt too wide) in paragraph at lines 22--23
 \OT1/cmtt/m/it/10 of 
 []


Overfull \hbox (20.99982pt too wide) in paragraph at lines 22--23
 \OT1/cmtt/m/it/10 heat 
 []


Overfull \hbox (15.74986pt too wide) in paragraph at lines 22--23
 \OT1/cmtt/m/it/10 and 
 []


Overfull \hbox (31.49973pt too wide) in paragraph at lines 22--23
 \OT1/cmtt/m/it/10 light. 
 []


Overfull \hbox (26.24977pt too wide) in paragraph at lines 22--23
 \OT1/cmtt/m/it/10 Jules 
 []


Overfull \hbox (27.98589pt too wide) in paragraph at lines 22--23
 \OT1/cmtt/m/it/10 Verne 
 []

)
! Emergency stop.
<*> portada.tex
               
*** (job aborted, no legal \end found)

 
Here is how much of TeX's memory you used:
 23 strings out of 494894
 270 string characters out of 6177323
 47359 words of memory out of 5000000
 3356 multiletter control sequences out of 15000+600000
 4284 words of font info for 17 fonts, out of 8000000 for 9000
 62 hyphenation exceptions out of 8191
 16i,1n,16p,217b,154s stack positions out of 5000i,500n,10000p,200000b,80000s
!  ==> Fatal error occurred, no output PDF file produced!
